99 D
72
54 D
65 D
89
35 D
35
47 D
19 1806240588
13 1103738421
100 507264180
41 D
56 245330248
63
4
30 1142658916
81 2001122386
77 D
4
72
37 374927433
40
74 D
59
46
93 D
54 1135736171
26
42 201343485
37 2146014207
67 713779601
3
48 308812793
38 740066962
91 131557692
7 D
92 D
56 554515604
74
62 1459165526
43
2 2137476195
90 549642982
49
45
40 1791383743
73
34 1665442150
0
90
5
6 233228313
62
11
85 759183616
83
71 789477217
62 D
88
5 2101338536
36
91
55 2074858096
54 850335021
37 1686783830
1 33641644
90
78
100 764711639
71
42
33 1436858749
7 1036187400
88 1863087852
94
45
16 D
34 269446549
34 D
80 D
25
55 D
82
4
98
45
77 161218302
73 1944796503
26 D
58 1750198646
2 1612823341
30 2052899320
80
33
86 D
40 846371059
87
91
44
6 1613242165
69 1325658374
37
56 743852914
93
16 D
53
12 D
56
34 D
11
51
91 1124196740
82 D
70
8 1694309427
0
32 2106151215
52 1294119157
32 1008027513
51
68
86 1808317099
26 1858134703
72
0 704208941
77 1676164105
79
27
89 1856003582
9
68 D
72
22
57 1691571367
31 30712521
68
34 1377394709
9 D
42 954797744
59 939174192
32 D
98 1708605916
30
21 766254738
9
73
90
50
93 1032052117
90 1630866404
70
53 2065972896
3 161000489
11
87
81
31
53
21
7 D
86 905454688
77
69 D
36
97 D
69 1996931920
20
100
45 1786392699
3 1691470397
94 2115573813
39 D
3
22 859948419
74
64 255109828
93 D
10
13
50 1590130468
63 730034166
57
60 1481596404
4
71
84 823245054
82 1295365232
73 1678220758
3 D
73
10
74
72 897729062
8
76 350239485
44
49
2 D
82 365152524
61
6 214975236
86
25 D
5
76 D
71 1016174555
69
73 1904539955
65
69
93
14
78 563516529
50 1154362828
28
10 1669835925
45 D
15 1400249778
6
56
67 D
74 2144617185
56 526279405
17
89
88
16 2008677696
11
1
16
24
57
43 1115547356
48
27
52 351369631
38
47
35
71 1442345212
2 534406527
54
3 788493750
43
63
96
1
3 500594232
57 1343274936
84 799536529
40
58 D
95
57
74
10
8
0 2014447005
72
76
2 2022414386
78 2129050216
19 373366210
36
56
86
11
24 D
74 786553464
30
100
31 86510135
23 144305192
64 1881660603
99 1128578027
45
30
78 903069442
23 D
18 D
7
65
21 1511228669
71
23
74 D
10 D
74
30 1628306493
48
38
81
15
97
82
30 1978391689
78
11 D
96 1594223162
6
46 D
20 92604191
85
9 1462685055
13 D
80
45 D
15
72 1690458692
77
7
10 339050910
67
56 309321217
53
61 D
20
9 1829079930
18 200908375
81
25 84411688
82
45 2006215412
27 1551106562
75 905429431
93
86 393864358
25
30
96
4 D
78
27
18
22
38 D
22 1907700854
68
83
9 D
96
4 D
50
41
58
98
33
75 134079090
20
1
18
10
97
79 D
62
13
21 D
90
77
78 1250831607
94
100 75977484
72 D
49 D
92
83
49 624247762
47 989231723
53
68 D
45
61
58
86
16
55 1943395285
11
55
99
11
32
8 687210301
63 523294490
3
23
69
13 D
59 491170549
30 1077344930
15 232822911
29
19
52 D
1
61 845577805
70 717437760
17
91
14 D
47 1470628660
34
14
39 135138555
77 2102013746
91 689790887
77 288856391
1
37 1568409356
13
29
54
4 1462128366
86 D
95 D
97 2147100691
74 2032355533
7 199852231
6 1566901231
3 D
51
10 1131668450
32
67
54
29 D
59
32
4 1349312660
97
4 D
19
1
42 D
14
81
15 1873689932
0
14
92
80 1518255272
10 D
100
40 D
84 652468997
2 D
18
87
21 1350887677
94 D
86 D
11 1558871672
43 124649435
96 1395087121
24
92
72 624870710
9 1457077518
71
15
24
52
90 1873600988
18 D
4
84
31 1991112514
34
96 1210028555
58 452360901
37 1736590457
85 1125403439
80
60 D
11
38 1545419829
14
60 1437750749
84 778910535
95
55
67
23 1365247585
21 D
55
98
62 36502740
24 243585689
49
47 668264930
74
1
22
50
73
17
97
78
57 D
71 D
68
56
94 D
20
78
24 D
100 1633778651
89 D
89 D
80
75
33 D
92 D
5
58 326975772
67 1618900556
67
66
64
16 1180165437
7
66 2030113890
97
100 1934274742
58
35 483646758
96
70
71 D
99
83 471198237
10 429716789
21 1877528170
9
22
53
71 1204321146
71 2111879006
77 2061685934
41
55
63
10
84
67
22
9
74
71 1047242946
67 273666870
75 1617533167
39
30
58
61 972854691
15
31
30
79
21 658921490
55
12
30
100 D
90 1064718369
10 1442693446
77
98 614370979
24
68
72 614968739
69
52
37
3 1120082115
48 2019714980
91
76
10 939271575
35 178670703
32 2141310908
38
41
23
88 222319063
22 717483737
15
13 1231969387
61
60 1686130242
21
38
22
93
37
93
68
61
71
20
33
29
87
74
78
63
74
51 D
28 1255872637
15 D
17 688169527
8 1215804058
65
8 430996179
58
99
50
38
28
57
56
95
20
33
19 814354778
30 D
52 271445242
63
9 D
8
27
69
74 1837680869
12 704924137
6 1417634101
16
33
67
47 2100389980
52
54 1255720135
47
90 159037617
18 D
83
91
72
6 D
48
25
49
94
19
73 D
81 D
42
22
9
21 190473836
17
92
45
23 1464708777
49
94 576546159
40
34
67
38 992362225
2 375164118
31
87
56
95
50 1080453252
50 D
96 527411388
41 D
83 503685937
97
65
89 1253154936
59
98
67 D
64
91 220074703
76
98
9 271000335
97
67
86 1145559273
49
96 1337857309
85
90 1037900873
85
18 1722743513
97 D
83 274451389
20 D
1 725268394
57 858778151
83 454772491
61 1004955226
22 1402778921
45 592992597
95 D
23 1958502674
0
54
45
59
44
98
44
43 2103149859
29
1 860481595
37
65 1860548286
62 D
48 D
31
23
21
62
40
8 1522304070
34
71 1272262924
76
54
43 605969712
6
86
3
19
0
15
67 68730238
22 1934861340
21
91 D
12
54 1294933120
15 1564823826
25 712664764
90 1262682980
31
15 1026305415
2
23
28 1940151907
57 1568874781
25
22 D
25
33
66 355129185
19
57
1 1266268927
6
84 962782440
46
95
48
45 525845429
40 1984526939
47 1766780473
21 295640210
36 1883864395
58
30 D
38 1772661397
72
28 1682056341
30
93 1435162081
51
94 269899090
44
93 1968128795
42
72 D
82
0 2103359344
2 2124438079
70
97
38
77
49
12 1362952704
23
47
54 2090858208
87
88
73 1010080590
24
61
68
55 683254618
83
97 D
75 2031433286
0
68 538094565
100
16 1484661755
60
65 1725545411
98 1255422863
60
61 1090192684
3 180844995
56 1010011713
42
72
31
74
31 1889661266
12
98
3
13
36 D
59
97 1509324060
69
3 958106615
13 D
42
0 D
65
51
47
99 1996205584
94 D
50
52
5 1142943139
76 D
14 D
75 266440877
20
24 D
31
10
23
28
82
9
53
8 1045341218
18
78 1507967188
18 190708082
58 D
44
67 D
53 D
33 D
95 506351350
82
1 2027388919
58 1980601978
23
13
100
3
39 D
11 D
7
59 D
95 D
80
68
73
14 1969981122
48
31
13 1587561241
88 2086894131
44 D
81 1478706697
14 D
99
71 678095939
40 306039762
37
71
63
15
55
95
74 1524653210
43
85
36
66
0 1347518118
17 1236684585
2 1401970028
63
85 1238335384
5
40
35 555017602
65
36 1353793463
23 1721356448
1
33
41
19 1452782275
17
38 1289941547
14 1301252893
21
20 1111755957
70 790960086
77
45 D
20
70 715606592
86 296831696
89 D
66
19
61
53
10
77
93 711697480
58
15 D
71 883035389
31
69
36 179696284
93
56 396642095
91 227168932
48
22 D
90 790946214
47
58 1343765362
75 1420885434
88 1587136454
80
85
10
76
63 315012636
81
70 1328696997
32 D
96 326251756
99
96
47
84 819306157
68 1889895001
64
64 131584695
19
21 D
44
46
46 385972161
18
62
59 407150987
14
1 1184707478
44 1937897119
65
58
35 1083572131
78
53 1062995158
54 1606619716
6
59 163751777
31 159092851
73 2139284828
69
99
67 D
53 D
0 1790390698
91
41
3
84 1234538482
61 D
78
77
75 343009798
52 D
98 604983622
98 1228574651
35 1608049997
82 1083047077
15
93
11 1041436504
30 D
43 315409501
64
35
20 1764030121
21
77
85 2146356252
43
47 D
54
27
68
96
94
85 166540663
53
50
81
64
33 1086064644
97
68
32
15
24 593035502
55
61 1258227735
20 263872624
76 977938352
36
70
14
18 369107615
82
43
66 1502617050
55 162033887
72 D
44
56
21
71
99
39 2091474843
46 D
62
62 D
60
77
61
87
93 258596911
85 1846995207
18
37 D
34 1530552544
65 D
36 D
42 415973507
51
78 541243092
26
57
12
42
41 1234390846
23 1422559007
0
32
82 270562047
100
30
46 1516404250
62
98 D
83 D
55 611522233
80 303591127
99
18
40 941592069
4
73 D
32
16
28
49 D
80 1578355116
6
30
28 854979849
65
28 1795271585
32
9
66 881064801
99
6
62 1917787643
71
70
93 1711977992
81 1236330314
4 D
77
34 1267026759
88
74
61
60
63 758797274
24
31
97
0
47
15
21
24 1056046498
74 133420771
95
53 2048923331
14
52 806192845
73
85 D
52 165183926
34 1239893217
86
85
9 1281222872
10
52
63
54 80751983
89
5 458676520
13 2011946481
87 D
54 1978327060
60
94
14 1914901867
2 807474211
85
27 D
91 1695483019
8
6
55
5
72
87
36 379504954
96 D
23 D
44
86
7
98
85 1458925969
31
83
42 1206202328
2
54
5
66
20
39 557143201
99
85 836308674
52
44
1
58
22 118837969
25
24 121113432
0
20 140539546
5
91
13
53
51 D
32
85 D
45 1600023977
77
70 1414208578
100
48 D
53 D
28
62 277607265
80 910508333
23
77 1246972937
91
27
68
80
30
36 D
86
92
95
49 134986091
75 1602199070
33
76 712834492
95 1112904413
98
55 239837122
56 D
3 1222022679
60
34
99 1973051144
46
66
91
100 244596546
61
76 1539864599
62
100 D
17 2046310404
66 1915012953
39
74
75
69 1408795967
48
28
7
70
74
93 765097359
99
22 283965316
100 878106163
9 D
89
97
37 1408934209
7
86 912054069
82 564888163
16
95
41
53
95
52
90
54 639800878
51
32 116123794
33
55 D
37
63
99
73
47
87
63
13 1313637191
5 D
54 1751229240
89
17 D
39
28 1779850187
52 1252079174
99
61 999111981
29
66 1424386907
50
65
86 D
54 349881235
88 348313986
27 737665789
48
28 1300804526
14
35
50 1110373122
8 35328646
8
94
15
45
96 1657459619
10
49 1956985502
27 D
100 1260113149
86 D
95 D
73 1823217357
47
46 2083886383
97
56
13
62
98 1729467810
64
76
82 1652694221
67
55
81
8
43 395071135
34
94 D
41
70
48
9
57
14
81
71 1913180941
80
10
72
26 1938341492
100
1
95 D
75
19
98 1350225414
49
71 D
83
30 1103890710
23 1285561817
15 109178070
32 1990722098
55
0 1953260440
13 788757113
69 D
93
80 1192812388
37
65
50 521689629
61
7 D
13
42
99
50
25
88 191193696
87
86 1381554188
28 1653389869
71 1194183857
81 163081556
72
37
0 1558240109
34
16
85
38
71 1650837373
41
11
87
82
87
73
66
59
48
86 479596047
10
84
44 D
0
8
99
35 794594966
84
90
22 103125300
15
21 1599861624
51 D
98
54 D
50 1732708185
98 897367507
0 802214101
60 D
17
88
24
35
42
22 D
39 795996852
16
67
21 1850286688
64 2143256375
35 848988517
51 597518993
71 1901046839
36 D
66
64
93 1298205209
85
18
33 202034904
76 1767823621
63 700417546
14 1040690494
15 D
65
37 1585898886
89
77
53 434813453
91 746688682
28
34 387730191
96 299269348
72
59
60 1852137216
72 1651113356
0
28
15
32 289590556
18
90 2110185862
52
99
94
14
85 1712844739
21 1758065424
9
83
12 D
88 D
88 D
66
64
37 656934627
51 1226149720
7
62
85
85 558478567
79
38
13 D
66
75
67
60 D
46 515311474
39
97 D
41 D
21
40
50
64 400475766
96 1430376487
33
43
7 122536438
15 D
6
72
75
23
25 860857927
4 1990356624
18
96
47 137494142
90
46 540607416
97 2087685268
90
51
99 1530159232
39 963820059
75
26 D
53 333009213
87
56
31 294561754
46
22
35 D
68 657141619
78
66
8
14 D
25
81 125758906
23 D
46
22
26
14
12
11
84
66
8 D
43 D
15
2
41
87 1729948470
51
11
90
22 694385555
71 D
6 D
42 D
30 1194378330
3 2096710644
31 D
19
73 1907478421
89 1183363137
27
4
97 468554356
14
89
76 1616216414
8
12 554783388
41 724496992
78
68 1413128922
27
50
59
29 1116934695
85 2104699346
5 D
7 702767706
45 D
97 426778315
12 1867749746
59
28
60
43 1412474783
78 408636305
59
40 811316850
57
83 D
100 D
74 D
88
77 2059359362
22 2102199316
43 D
95 D
42
15 D
33
75
7 D
59 1624587570
9
75 1871537706
72 1482393805
5
51 1785106659
93
75 389183957
31 D
39
77 D
75 14688634
91 D
100 D
42
9 2037079738
50 D
16
74
78 771851830
72
65
50
71
34
7
19 736668379
57
93
44
10
42 D
75 1320712562
88
4
46 900311619
27 771652459
39
17
74
81
35
91
28
29
7
65 D
66
15 394228112
7
0
10 1064521415
21 1196376619
53 365539800
100 1797381616
36 628308857
7 852519961
32 D
40
44 841397202
79 763792487
30
42 1916310093
59
22 D
46 D
100 907628943
87 21697551
41
83
80 D
73
40 1486762390
89 53092274
66
34 160976347
8
39
99 D
93 556454759
41 D
83
69 D
38
13 D
5 1775410566
19
74 1267573787
71 1037905587
19
29
55
40 2097185859
48 165132772
49
93
38
54
81 1754244613
97 2054199652
66 603620644
75 D
13 D
6
41
64 563136154
26 1486471673
71
23
21
49
99 70890397
68 101866039
26
24
94
63 256936820
76 1624795781
7 1164483887
46 D
10 D
100
35 1562273913
58 649370548
51 523709834
65 1237848698
70 415011920
53
28 D
38 2038583824
63
89
83 144249145
34
91
71 806617433
80
56
56
11
43 1778476481
74
96 D
33
79
69 1510666014
77 1325526677
34 1324639445
91 1127984497
10 D
8
11 752265675
67 D
71
100 1562651365
11 1769507872
0
73 1332730217
80
87
57
8 D
6
7
57 D
5 2122848722
22 879194633
7
28 1921620036
98 1466991835
88
58 323464098
8
17
26 1704594944
80 1691761279
84
78 D
27 2130977058
19
83 D
100 1132272585
76 D
97
29
12 897174586
59 D
26
16 D
68
65 475632722
9 1561044720
13
9
17 D
63
82
5
47 15670638
61
93
1 432823900
69
38
61 D
66 1721086882
52
48 205015872
19
94 D
79 D
79 D
74 770187962
28
66 1078698929
73 D
24
79
60 D
55
95
94
60 1709582741
26 1490761666
41 821341805
49
94 D
24 1817940141
63
32
90
55 D
95
17 D
98
4
33 1892517459
1 1005037013
51
95
43 1397544180
29
66 27964755
37
7
78
36
26
59
15 1130518796
74 D
28 835861250
60
67 1284265336
87
36
19 D
28 656606226
40
15
58
60
63 175421705
74 D
20
99 290607239
52
39
75 D
44 D
100
39
28 2039289288
5 D
17
0
3 427271653
6
32 566420719
28
40 D
37
71
44 1005640350
18 362658067
39
55
99
43 2053400467
24
62 1151331431
79 D
26 1740004110
20
50 1534974907
47 1818460224
6
32
33
81
90
95
8
5 878494158
80
38
53 333925594
85 447440902
52 1360563830
18 1557734175
69 425873586
95
89
94 D
98 D
7 D
17 111393505
31
40
66
63
0 D
94
68 D
82 1340585770
97
64 663520102
50 764502830
36
55 D
37
92
61
25
22 2128522064
78 D
22 D
42 1777268929
88
85 D
84
48
10
59
25 290077109
12
87 1875907231
93 D
23
11 401369681
73
54
7
70
18
47
62 1726499508
31
8
46
26
41
26
15 1573904546
58
57 966390927
51
2
39 690897007
21
71 1626049923
29 D
91 1960821360
24 1073162415
14
24
69 D
50
2 682549497
13 2113709032
15 D
29
46
13 436815477
65 D
85 164269074
37
39 197665909
56 D
62
50
58
1 2094137513
94
0 1892200646
64
86
56 D
95 945624507
83
9
76
55 276622389
82 1043024816
8 1154441808
71
96 3783577
41
18 849004179
65
46
22 1761476444
89 694095238
67
9
34 892442637
94 1133785336
29
77 489413776
66
48
72 546732368
1 D
77 D
42
59 876822600
10 568314864
93
14
16
80
8
74
45 868050187
75
64
83
78 1335735302
32 D
6
15
68
27
46
8
8
96
81
87 D
92
89 1938928711
33 963819737
57 D
75
20
86 1073187029
32 1581233746
82 1782927845
57
10
23 D
78
100
40 D
11 1859287142
18 D
28
28
60
21 987873218
30
80
16 D
53 99106149
53
49
37
30
59 1120965365
35
57
25
41 D
95 353651897
77 1713497070
35 D
96 D
42 1362862316
69 660445333
3 1316270042
85
48 D
39
79
2
26
88
80
21 2002758043
20
25 1214482389
18
13
51 D
49 494909971
9
98
76 1942795274
11
53 2008194874
86
99 446940407
0 D
14
67
8 44990210
22 1749443149
67
9
2 D
50
41 1224226350
58
32 D
38 1967104027
43
91 1781464330
57 D
67 45007343
41 171642786
54 978521188
27
6
44
13 354824976
84
58 1699896110
32
7 609925089
25
3 D
24
41
30 D
100 1661423570
28
48 1972899964
31 D
20 2103891419
26 D
59
48 297324223
26
26
49
76 1540978954
99 974387885
88
29 1848451107
11
88
51 828429243
79
46
91 811710892
26 507331486
61 2121711914
56
91
22 D
75 1619940379
58 496968112
19
72
100
66
65 677580028
73 676376169
7 2116507542
21 1057250563
17
57
81 D
20 D
55
11
16
80 1387228385
94 2051537218
2 817345770
81 D
74
3 833653698
17
89 1346583305
68 839469454
41
97 222663580
1
18
24 1601458103
15
14
65
31
24 524010669
8 D
16
49 2139704661
93
73
64
14 1113111804
36 D
50 D
75
0
67 1301174
90
94
24 514415426
15
90 778108604
5 1776293836
95
49
28 D
50
74
22
27 14332834
68 1030532593
99 111854592
64
17
75
19
70
39 D
0
99
44 141479412
12
84
42 1703192661
85
47
64 412395625
0
85 584120121
57 D
31
77 D
38
90 25115768
57
13 D
32
75
94
67 1477107417
21 479421814
52 806561923
64 497654541
26 D
13 929364346
87
59
95
88 D
55
23 D
54
47
90 302952027
71
100 537244277
62
14
46
4
62 979640473
92 162975518
80 D
41
95 514961404
74 1383970315
85 140774596
72
28
13 D
57
74 1254089657
43 1969265690
13
66 925487035
63
40 1644414211
16 663302012
52
5 185285981
19 151783789
43 1351851534
80
1 D
90 D
93
5 1607143338
13
7 D
90
13
62
69
67
33
40 721493998
8 1586061907
13
87 1996337070
65 D
1
50
82
44
92 D
77 1269309702
72
41 2125400247
21
36
69 D
98 1001361723
75
46 2134708151
30 D
97
57
54 327454005
84 1675459392
91
34
60 D
46
79
13 856974147
18 D
50 D
26
79 D
71
89
44
57
80
17 D
66 1808338167
26
51
73 407832226
62 401375874
1 542488936
64 1113950244
20
45
56
83
77
48
84
59
43
37
30 119324970
46 1777527421
11
39
76
5
4 1790149050
68
30 D
80 1413997833
5 9916675
26 1806145096
1 D
41 D
41
44
100
31 720548974
25
92
35 1222123791
24
96
13
98
84
60 1398617308
16 816095676
39
83 907438005
19
59 984742823
0
12 661196373
27 1520433058
79
10
40
84 1374136206
29 D
29 1836978101
44 1119248867
20 1137894746
95
67 1164476095
57
52 655043796
20
22 1892584767
67
64 D
77
86
71
86 D
63
28
83
89
0
91 787443686
56 D
20 1747707736
9 D
96 1455321612
65
89 206532539
26 396098065
53
68 932993631
75
68
86
28 D
33
7
87 D
51 D
15
44
96
11
27 1117338641
53 238500699
8 73418817
14
91 1252193448
75
16 D
13 D
95
90
5
54
31
21 1546442035
67
61 1263319896
14 2066382913
84 154518393
24
6
57
14
6
83
66 564232022
3
68
53
94 D
75
87 706591730
27 D
91
31 673699261
12
54 1228050864
5
39 1651475353
9 D
27
37 2015768392
26 300076011
60
10 914550223
83 981901388
26 319162205
41
81
49 D
50 D
89 D
54 1640706920
30 D
100 945651236
42
48 D
50
80 1829651478
24 D
40
38
21
11 1009269498
11
94
83
91 1888189621
37
70
31 D
9 1967128314
37
88 1695489211
66
50
1
66 736506986
97
55 227870352
9 203340900
91 299134184
98 361980972
12
98 1774715017
79 461116354
100
34
60 95921581
57
46
7 1366387796
59
7
34 1162485243
83
42 D
7 D
84
30 807932268
60
32
74
51
50
17 311872505
60
0 611596019
61
50
64 D
83
93
31 2092641962
59 1732583471
23 D
51 1182825015
41
92
30
35 D
89
89
36
11
14 D
21
17 861615665
73 452812966
62 1798395388
27 D
77
75
63 D
74
22
63 300256339
32 2081249560
8
45
45
33
30
73 887143956
47
23
61
74
12
11
97
88 D
84 381072486
65
50
2 D
36 1924816947
3 D
82
48 2032038025
95 D
55 D
33 1998185895
14
82 1894010789
63
40 785515522
85
51
44
86
72
89 1788680056
63
12
64
51 825135711
99 D
40
8
26
5
61 484598
47 1067242977
82
95
69
10
47
59 1759015869
95 369798152
47
23 1665497222
26
94
54
65
39
7
37
47 D
9 1316974139
52
75
31
9 1228011744
71
21
81 1849083072
51 1471981952
13 185364731
47 D
45
50
49
83 627611675
22
1
66 D
8 971227376
44
24
37 1144154313
5
88 1001716768
21
38
91
73
55 D
2
8 1470513686
47 1704481593
5 1041575554
75
5
16
45
29 1134583573
99 153763019
19
67
34
70
74
32
8 2094188870
16 331828865
21
1 1855313943
89 2044069164
76
96 1285214617
7 1677465636
66 D
7
83 2071081255
38 1998824741
91
35 D
71 1243150320
17 D
81
11
75
83
2 1772353765
32
16 D
85 866861669
12
3
54 1018791346
77
25
44 1295989251
95
3 342782695
43 D
76
72 551951175
73 1717722102
89
85
95 D
51
55 1649911723
23 170974011
91
48
59 1308253348
27 D
72
53
72 1558184242
10
93 2003636739
95 D
84 1755989588
74
89
87
51
56
1 674179108
68 1906472763
69
64 D
65
100
59
9
54
16 2090851818
71
74
71
56
80 D
93 193735999
21
33 D
84
97
93
19 1992423305
34 1174405657
85 1328764187
69
4
0 D
82 1525009711
41
44 1618482815
16 D
50
68
88 1913967773
35 912067716
13
6
56
89 1898644241
28 1477157276
54 1627531442
51
78
97
34
0
98 D
36
99
22
18
73 2082902090
33 2125642260
84 606172867
71 468871996
14 1721754406
74 583849094
8
94 1651647891
74 64582506
27 1578349814
85 1431631402
53
6
7
98
54
3
95 D
28
61
2 831048743
73
15
87 2040282887
84
10
89
99 388080471
96 D
85
50 224326698
66 198882543
76 D
44 1293950705
63 D
0 181684536
52 1400698301
27
41 D
62 627087172
64 D
92 2060577982
86
35
24
9
74
78
82 1835638870
79
86
14 1489612780
19 2120688538
4 1988372424
36 374062618
85 390288937
94 1100348674
52
89
36
16
48
10 1748379531
59 D
87 1570415285
13
13
14
93
68
76
40 349716991
72
97
71 1003514673
23
60 2069176226
19 1273253687
60 354446137
57
57 139628279
15
76
85
30 966446175
37
95
63 923449577
90 571290060
20
18
92 D
47
41 D
21 D
14
68
82 480932606
18 D
14 1384864664
72
92 2093004586
51
11 987639379
34 364051049
0 462060819
8 1613013402
26
71
0 765593359
29 47060603
5
90 D
70 244419110
56
3 313892564
19
22
10
3
92 716883691
44 1262176296
75 589428841
2
90
67
15
66 1021092781
47 D
0 1659883196
92 1003685583
97 2060275544
61 D
84
17
11 D
45
31 20680072
67
77 D
73 1784812617
79
54
71
19 319467281
63
20 174969049
58 D
38
65
82
9
26
67
84
81
52
47
44
19
91
99
81 2128400228
11 364365476
28 861800707
86 1081170221
79 74553913
20 651085882
74
39
93 497447787
17 535578128
96
4 1836364228
30 D
38
5
65
85
23
98
59
73 746180037
49 1368917487
61
2 219449156
10 1221343481
54 772792264
87
45
3 1703644881
41 1651280081
92
11 D
78
74
67 D
33
44 1871672843
86
65
41 786563085
91
94 D
36 D
59
35 D
10
58 970526983
97
36 333292081
7 1386125570
8
64
3
81 1766663828
7 795749752
4
56
64 1714691809
53 D
82 1765201778
40 1784008094
67
78 1703832990
52
27
91
82 D
5 D
67 1139773101
20
17
49
56
25 D
23
78
89
14
98
98
85
31 D
73
29 1335518594
91 220506650
57 1544205383
95
31
63
20 690674827
70
35
50 D
48 D
56 1788006301
93
21
3
49 11493314
37 1896900357
24
74 D
19
87 90984074
59
61
99
97 620948052
55
27 715257666
57 657958027
84
41
92
73
83 D
56
11
90
31
61
36
27
58
7 923289101
52 1192152512
91 428531174
48 411717061
39 1638522301
79 652297069
30
67 2007916039
49 1563517941
80 1942005361
68
38
35 281791348
75
0
72
45 1758879650
53 1015044122
83 D
78
85
48 D
62
17
66 1686644565
97
31 505349123
79
62
58 994656355
20
63
71 1662724811
4
53
92
75 D
52
95
52
91 D
10
60 1115179758
32
83 1448709962
76 D
69
36 1167731281
49 D
25
61
27 36005340
83
29
42
86 1920703075
74 D
64 D
73
29
56 1193410639
96 595281867
96 974234536
39 D
9 45378764
90 D
51
72 480264074
20 772196147
32
83
99 D
43
34
68
5
58
98 713783846
92 1476145017
74
8
41
97
96
93
83
82 1930486493
24
80
41 1667271208
69
97
58 2052074748
67
85 112717162
61
14
71 2019745421
54
39
93
15
56 610202455
73
51
93
86
15 328952565
34
90
54
35 881500419
38 1253665129
8
42
26 1595937112
16
76
91 556047019
87
78
98
58 586567719
19 1231007347
56 1339117656
19 985393502
33
82 1609735362
98
49
50
66
62
54
88 1580469495
66
31
84 223454691
0
74
17
34 2030815936
35
11
42
49 D
82 748003468
0
25 D
46 874557229
64
96 1894213475
65 136826713
89
72 1140511765
52
62 D
0 D
94 2108268408
76 D
82
36 917576666
73
2 27534381
81
10
11
4
29 838153222
70 D
95
55 810367312
88
44
59
43 D
1
43
37
17 1456694874
67 1730176837
97 1815546697
31
31 D
22 661517360
30
0 1166858454
33
11
28
89
34
50 D
4 D
38
64 D
6 D
71
20 1406839584
58 1728970536
59 301583364
99 1537289529
58 D
65
23 2028119011
21 157870271
15
81
50
41
35 1498012024
89
83
64
44 941406072
76
79 D
94 1809167429
45 D
9 550267483
75 713752491
98 80632571
50
99
46 116307500
83
46 2051159818
31 340626698
87 343920245
54 1155952431
70
25 398036130
18
8 1817743275
37 367092757
77 1081665571
86
10
36 469857733
12
2
43 689687740
75 D
43
18
70
61
32
13
75 D
55 D
13 D
70 492215069
78 D
29
86 D
14 1569003101
37
34 D
31
9
7
40 2049650516
81 D
62
46 D
1
96
90 D
63
34 1965291479
18 10455475
54 855952249
13
74
93
62
71 1455941488
89
60 723317111
7 378616806
2
70
51 904745977
71
95
33 898615961
11 1020810615
63 1725436490
35
49
70 760896052
4 31826458
1 1992565627
14 D
40
87
67
22 2061395415
12 D
100 D
24 1893735184
75
57
55
98
43 D
46 890717977
41 D
64
96 D
10
21 125454698
0 1059641164
89 151688841
97 899135820
17 1429128772
91 1277072209
76 1855417055
48 139132710
14
57
45 D
100
59
57 1087810088
44
69 588616740
93
21
76
96
46
100 1925805207
37
26
46 196462769
43 D
33 2049679485
17 878818145
55 D
36
46
74
84
87
64 688614722
99
4 325728812
53
62
38
7
37
75
14 360242443
58
41
31
74 1236089183
50
66
11
59 870947075
36 737944391
62 662580593
48 D
83 1801110726
48
1 1768864561
68
20 D
13 1907603694
58
66 1756228682
12
61 1950312054
49 554466664
2
30
14 D
23
44
86
97 D
0 124775052
17
29
13
28
39
71 83886890
64
60 D
63 837202994
70 D
31
33
57
61 D
77
52 920491019
91 245621497
75
81 1260075223
3
18 D
1 2099456328
73 27880474
74
54
72 1214968893
24 1444894982
11 1555642224
56 1550973876
30
35 1425526838
87 366933201
34 120032117
97 650302889
64
8
46 D
26
24
50
78 1201846334
1
98
23
6
32
87
3 90572436
6
20 D
21 D
83
85
26 532376127
4 D
55 1143154476
84 1595818779
2 212597375
57
22
0 D
3
93
48 850392878
5
3 805114823
1 D
87 1594858199
24
66 1504975636
91 1689494439
80
25 250873234
7 603273244
38
30
2
14 D
61 480199382
36 62973914
2
45 D
61 536091136
30
57 440390082
66 1366492586
47
40
56
14 658299291
66 2089347615
48
5
59
63
13
90
95 D
79 46954065
71
71
19 1770456808
83
37
60 29814153
79 2009008681
39
97
56
99 551998013
10
91 597667396
30 1186727568
74
27
28 D
16
45
92 1854732500
46 845391907
88 1495828976
60
21 1929231780
49
38 1559928263
84
8
55
58
17
20 1794817818
99
68
48
41
30 327680736
75
11
19 592018542
78
20
31 857218319
58
61
51
23 1040223626
72 812613615
31
86 D
26
1
81
55
73 D
72 1793586322
94
47
39
94 2110294759
34 678318893
65 881024644
100 750704518
79
59 D
98
36 D
38
0 721225390
27 279034523
95
20
6
10
67 D
8
47
48
41 124547176
33 D
14 1817887414
93 1122789133
68 D
93 127724728
98
17
70
9
70
27
93
40
61 1712056852
87
89
73 1324127015
43
26 310985852
90
20 D
25 634206843
92 D
38
21
79
80
24 561648732
58 422115471
29
80
62
1
69
26
76 1059405701
60
34
72
51
89 1320239172
39 553366736
57
65 138575030
2 D
12
98
35 20469397
5 703495835
7
4
16
74
90 D
43
95 1068250722
85
71 D
64
86 301106647
45
22
18
83 D
55
14 D
89 1035239956
63 26123115
17
66 D
3
100 691203649
89
72 D
74
14
35
71
59 1573682456
39
69
95
85 55560986
91
88 D
6
56
91
78
31
55
69
90
29 285005232
25
36 1300102238
79 D
35
97 1975406706
99
84
73 1613823273
99 1880889204
21
38 1312596518
85
50
15 866953739
62 1909397051
14 D
71 1022793522
69
86
80
98
40
32 694912309
17 D
82
2 D
46
80 D
85 D
68 D
47 1720179827
98 1217033927
81 509191868
48 D
3
70 992730836
33
86
11 2040954708
100 D
87
61 781008980
52
87 D
82
34 17158385
16 688284525
49
85 1977065286
89
65
3 1564650895
91
41 2104557489
96 1324686685
10 797250254
5 D
15
65
73
95
15 1765680116
35
78
61
4
5 1575143598
4
85
59
99
44
39
3
92
57
12 1578305693
91
46 D
46
27
96
9 136031050
30 1806641611
88 D
37
89
93 528380821
33 1343010159
8 770960700
15
54 731592207
72
53
20
28 1444128272
72 1145818266
25 D
99 D
92
71
53 D
35 1240258262
72
24 1974624572
79
2 1465946900
37 1946988104
52 D
21 2130663660
81
96 1099212880
2
85 D
73 D
73 1565076278
5
96
56
73 D
2
85
73 176047995
84 D
46
33
74 1501239341
33 1744589467
2 1534067700
100 D
91 1324865619
6
74
57 397578846
64
34
15 1305537165
65
33
60 1550880822
6
80 D
79
70
88
49
15 D
41
83 1368703389
9 D
91
31
63 D
57
17
14 1507428076
37 D
23 959845864
69 1506138359
11 1274983705
48 1296090634
30 D
14
35
15 D
13
16 1991864987
74
85
93
7
83
89 D
78
75
12
46 D
41
15 D
66
33
1
26 1353448130
81 1400593618
16 1669796310
63 1082202527
16
6 1259593008
35
84 788500046
48
92
85 748465146
61 D
47
92 1620771544
34
33 509489943
39
12
99 316091185
81 D
48
82
2 887865943
51 D
66 1368378543
49
90
15
92 D
50
11 487966651
74 1206401342
87 264504515
49
34 D
61
10
15
81 2087761592
57 2105722217
29
17
41
60 D
78 1653753652
38 2108752474
95
45 24073681
68
53 1888038763
36
42 1082010633
73 D
82 D
6 1845102381
1 1311028768
29
99
33 832032850
53
78
44
95
24 153975673
17
7 D
84 1514653729
23
21 1349837750
94 156015102
23
46
64
65 1869665513
91 536506598
18 2033717342
30 1334121456
49
58 D
90
27
90
61 1543254092
6 661396271
8 476063502
65
41
82
50
19 918908527
36 D
21 779490126
15
56 D
15
50
8
82
74
58
67 2056479539
97
51 1235371240
3 D
5
36 D
72
85 D
98 2039177778
84 1317116440
92
39
28 1884270274
8 D
41 691769223
58
81 739845729
73 1433042328
64 1054859149
68
38
96 2031764887
51 1740053519
55
94 420211967
27
55 1094330214
33
56 302805284
57
51
84
5 D
17
83
18
77 D
53 1317341045
27 1748793734
89 509380773
82 D
58 303473913
36
24
54
85 121553589
96
34
69 1437673675
68 888212063
39 525373127
56 992801698
72
57 D
43 1874122879
88 248377109
58 1944900767
30 25781829
60 1254637170
74
66
88 D
16 1947790634
40
31
74
54
23
63 283825722
30
71 2115112754
21
32
3
10 D
63
28
16 D
17 920810770
75
61
69
100
78
57
74
56 186921567
72 2062834739
20
4 D
54
95 D
59
68
35
60
98 D
81
37 2086881262
87
89
70 D
99
61 714990912
59 897546541
96
16
23
4
22
21 1826432615
67
59
35 1849505363
52 1032836946
71 D
92
79
79
20 212678005
50 220052079
51
39 807706327
45
15 D
1
50
40 2038354467
18 1382808661
16 537184506
96
42
1 1347154962
34
79
24
93
57 D
90 1804680057
72
20 1421655605
30
68 D
27 1691387598
31
94 1746361857
3
40
75
73
76
10
48
8 1067705053
3 D
41
97
15 1303775386
25
86
71
3
13
72
27 544101266
81
68 D
95 D
7
9 D
10
53 1533466449
72
22
58
90 D
43
16
55
85
80 D
78 D
94 D
96 519407497
98
38 203646778
74
84 1642488914
33
98
7 1810018273
75
26
59
61 1696279667
87 D
0
13 944140558
42 D
29
98
100
20
52 1705354981
81 899768023
67 D
54
85 1375828131
61
29 872158787
76
32 380573920
97 1926550531
74 1539346657
43
52 1554250092
48
38
92 435450996
32 D
58
20 800328882
28
56
51
15 D
7
1
72 1036961567
85 1725387988
61 1645568404
100 1416157392
93
2 96121454
48
50 376142959
5 D
16 2022109436
24
13 D
10 D
2
68
51 1740897828
83
70
45
90 2095073162
72
68
34
37 1769711255
82 D
19 D
84 436265081
2
3 1228831770
98
18 1581531121
53 1825038935
51
53
45 D
26 D
7 28999865
80 521392069
61
60 1102945052
76 D
34
3
5 1508756237
51 287988167
49
75
5
56 D
29
43 D
14
95
83
95
71
48 D
88
9
67 D
68 1968241667
56 D
96 711793267
26 1266192303
80 D
59
99
94 347959015
53
16 1698771149
87 2073226283
94
29
25
18 113933659
51 D
96
47 1372147243
16
39 1565745919
76 373758839
84
43 1187842640
31 1821555744
6 D
12
17 D
16
31
50
10
49 793611116
58
81 1437962282
31
90
22
9 1006981922
27
96
8
17
83 490448547
42 1617400297
31 1638562339
73
72 D
35 D
71 D
83 1934295596
51 D
43 2088658407
82 2103649747
94 D
59 2044576590
0 1505743199
40 751654223
39 2015659002
33 D
99 D
45
23 D
60
67
67 703759947
37
98
8
85
41 2065450296
30 D
80 171823143
81 D
56
8
69
63
25
32
17 602068226
57
70 1361333910
85
62
30
6 1149071431
88
29 620003396
26
4
19 D
38 5492989
4
37 D
38
65
56
55 67135076
66
75 D
55 D
43
62
78 1384423223
79
29
48 177741570
41 1131794528
14
22
43
71
22
91
89 D
74 438866969
0
2 1593210415
77 1249586963
12
16
1 462961012
63
71 D
92 D
62
37 555707475
59 46898951
13 1002974042
59
89 1571817409
93 746802801
94
57 D
97 55437641
27 1100489107
32 D
54
23 1957973587
5
27
29
93 1335985251
23
20
84 D
76 D
62
47
85
53
94 D
51
3
92 677128496
50
33 D
82
90
11 D
54 D
90
83 D
17
52
46
19
41
99 1087185240
34
22 587033478
66
46
62
60
99 1004208051
57
98 1770405744
52 1654717786
31
34
78
29 D
93
99 1687296653
65 450753009
59 457513215
84
60 14085130
45 58971957
5
5 1165021784
25 D
25
93
14 D
2 1341164151
39 2063398610
80
99 1828342400
66
20
63 1389300756
86 2038427131
27
30 D
0
50 581316265
44 163937394
74
24
6 1949188098
40 1321401424
77
97
76
80 691613058
20
91
17 1108394294
0 577564897
94
87 2048308039
79 D
94 1231154767
85
75
79
13 988856907
3 D
84
91 1951129779
3 1253291328
65
92
97 263656807
29 1812610416
85 1798849851
95 674518074
62 1248486581
81
66 38584951
71 D
11 2031497992
42
29
50
64
89
22 1560915374
1 1434312759
40
15
18 1289789860
88 1447883825
2
5 947362166
59 D
53
13 1847122661
97
33 1860664601
8 D
73
66 D
34 875564578
28
80 887274239
8
37 310166066
27
80
34 1114700610
86
25
4
50
0
65 D
72
61 D
28
74
95
29
6
63
29 1907839957
83 463934744
83 282506735
63
59 D
63
34
69
90
85
85
33 489549792
18
22
2
86 1768704780
61 1444499258
43
97 D
34 1898516418
35 1277949283
90 67035309
39 1935060081
44 1323232540
54 1188892261
6 D
13 910671984
18
79 1174921646
19
88
39
22 5605495
83 195930550
89 2090407751
50
32
93
92
51 292528996
56 D
68
48
40 D
93
18
84 D
28
30 D
91
65 1462967893
85
92
58 358997077
29
93
47
60 1306048426
29 827202292
13
93
34 89223534
67
49 1026763921
47 1284806149
99
52 D
95
36 D
79 D
99 2141511965
85
4
39
77
47
60
17
63 D
65 360371829
28 1554434850
22 856129568
36
68 1575414966
6
26
55 D
17
12 1599753100
1
92
56
3
47
86 D
82
96 D
23 D
62 611161745
16
41
15 2147075628
48
70 1471306326
77 1278356064
45
70 1742357833
62
94
5
45
45 328897739
58 912154508
99
78 2010214155
60 D
44
33 D
53 1790920152
48 1127792851
24
3
100 64755869
15 419222907
82
84
58 416404706
12
24
36
99
80 293530663
81
75
49
24
90
6
71
13
62 D
97
22
95
10 360519032
15
17
30 96715169
63 D
24
46 831065210
30
21
50
20 370934483
32 2141416995
69 2000091369
98 1041496414
52
84 D
88 1419975821
39 2020447618
40
86
8 668611971
8 D
46
11 896342642
43 D
8
79
3 D
49
61
58 362534201
52 D
63
6
63
88 1008517275
64
8 300458116
40
43
78
5 1876726614
76
98
36
44 288160205
57 D
71
44
4 536779481
30 310525661
78 1371514003
87
55 1924846775
87
54
31 1032889591
32 D
33
50 2089162527
39 228045824
58 D
96 932298588
12
14 929789464
67
47
75
64
65
92
81
37 207343194
43 354447265
81
13 D
95 827980435
12
25
40
7
93
83
93
32
46 2083382596
73
74 783656547
61 D
13
44
87
55 215581009
25 1412433147
64
75
36
34
79
15
98 D
71
62
58 D
35 1471922431
32
33
25
72
39
12
7
66
81 1447618829
35
19 913346361
51
22 2107401093
81
58 1651427043
63
85
50
27
38
16 D
31 1644296201
96
94
58
77 1860202919
49
8
32 1019274711
94 1152342963
58 1793192912
59
29 558772488
23
31 1344370076
16 970503186
20
17 1983852585
98 1905015241
70 D
16
35 778711891
34 D
31
91
89
67 1575238858
36
32
49 D
85 1068435512
72
54 510464169
61 D
12
1 D
55 D
67 D
91 145841680
61
0
9
52
19
88 899573010
27 D
52
56
51
80
11
34 1178924716
57 470637977
15
14 D
39 749747157
16
36 344524464
96 D
28 D
90
81
54 1735732939
63 1069169518
61
33
29 797955935
99
85 1254529949
91
35
20
1
98 403562441
73 1680282656
65
15 D
84
71
31
78
12
84 1943637444
77 759729485
70
9
74 D
12 1603694300
46
0 1945404422
51
43 1567077273
89
12 1561518963
80 1870168184
34 676906109
29 D
5 1431029969
73
26
25
89
44 1615246856
90 22369612
88
26
35
79
96
70 510981236
31
11
12 912851006
91 74574985
65
13 D
91
73 1817583575
51
5
38
46 875514315
83 41818886
3
0 612262086
62 810286390
4
3 461784029
25 D
94
85 129455031
57
48 1268879822
32 D
43 90528432
27
0 D
94 D
39 377517771
18
93 D
70 217500473
66
56 1643955447
32 1171560945
4
70 1439610534
8 D
3
6
42
71
0
76 1924421344
73 1445499060
2 D
79
72 1383443009
96 339421072
7 D
5 770066865
4
23 2014721652
79
39
68
52 1013172218
30
55 603198321
5 D
45 1735797987
66 D
46
94
82
30
31 1533043583
68 1189252680
97
29 D
5
52 1549264298
78
84 547531114
13 1363186311
21
11 D
4
33
87
15 727311944
51
13
94 54002322
60 D
100
63 1204308974
57
8 D
82
60
54
66
28
55
33 1953150966
29
70 1833686365
53
16 48824045
83 D
47 D
93 1532861616
2
62
97 2119369291
19
93 1151062131
71
21
1 1364668701
77
81 1951865488
63 2023990230
17 1104924984
44 D
63 2025367493
98
38
34 146200787
12
13 D
11 D
0 235847189
72
74
62 D
76 1719792729
41 D
17
97
22 2029016501
90
40
62
40
34 D
47
70
66
18
58 115258554
2 D
16 1861193135
14
45
24
78 1511235479
41 1227719939
6
39 769965671
40 417341433
60
25 1920082400
100 842297752
28 2052920651
81 426034470
96 D
82
38
24
87
41 1552660981
59 D
13
5 D
89 1266636761
42 1793639565
82
60 D
66
73
18 1859152947
63 2134289534
20
63
32
40
92 D
50
29
34
87 D
98 115229077
15 D
35 1452940440
28
50
60
87
82
8 1964335142
21
74 988533732
3
63
33
0
66
99 53737854
43
11 80495770
25
85
44 D
94
63 416759001
59
89 720159658
59
64
0
73 767618232
20 1109324154
71 50935709
5 483733103
35
59
18
59
59 285418901
23
16
66 D
31 1141197949
48
33 515716298
2
26 D
36
93
62 536764301
23
7 D
48
22 1443182970
51 839582842
8 1960842984
95
26
42 1665186995
17
15 422946824
33 D
35 1838594629
5
48
98 592232543
38
24 D
47 1822596045
41
3
19 506062480
1 951693812
81
29 D
20
26 2068079319
65 1361128509
5 2029376409
97
5
19
95
43
17
86 637050563
35
47 923428017
30 D
10
15
96 615793061
87 1031729082
71 293184497
90 D
82 222511957
0 D
23 434084933
34 128543187
53 1874440496
60
36 1339641661
53 570064456
26
4 D
25 1077529640
6 D
41
78 763589946
3
5 591414150
52
15
12 1788485686
60
47 741038410
78 D
39
86 13658176
53
65
86 224497844
53 D
82 D
18 161626929
97 D
55
84 D
32 1098227443
88 202123636
44
89 182007569
37
66
100
32
17 1770661246
91
38
61 3375342
49 1237583960
85
45
63 1346670796
88 499866418
99
29 1190036167
41 D
12 1733188719
37
43 555772894
39
78
2
57 D
52
44
51
89
2 1740929713
60
72
79
74
6
27 955904557
70 244806335
41
58
56 1534240312
14
66
74 D
39 1425786688
68 1718032020
90
53
22
79 530934594
6
78
47
6
89
67
11 D
69 2096902762
72 D
25
66
19 1514788161
52 D
76
89
72
74
25
64
21 1783450820
21 D
70
62 D
53 D
75
34
37 164437052
100 D
64 550397485
100 D
39 1238400974
69 494951402
53
58 D
72
55
7
74 1017000109
43 471365376
25 2069482863
15 411949980
5 1004871475
81 1780921379
35 710417813
29
26
12
73
82
54
21
97
8 D
93
34
78
0
78 1282435276
77
59
61
57 D
21 1615649163
19 1519126017
75
54 1844348299
45
95 1053084638
6 987103017
74 979055945
82
54
69
79
32 404595123
17
14 1405084060
16
2
44
59
3 651171868
69 695294133
64 D
52 1009478194
52
66 1138470455
6
30
51
86
84
12 D
9 403238958
80
24 1176936515
4 263599899
73
62
38 D
13
5 D
73
49 2126178372
57
55 1374570523
92
40 D
33
96
53
3 1571949004
0
16
18 D
18
33
68 D
10
9
37
16
12
69
34
31
92 1682442186
29 788712129
57
41
93 1956905914
54
93
57 919872551
37
36
55
45
72
89 D
63 2073231043
9 D
15
39
81
21
9
85
85
60 1967939191
84 1830185279
13
27 959964974
90 D
30 470252674
59
57 1846285418
52 633475219
2
22 983002920
19 938785559
8
61 1300465810
16
18 2119070996
59
31 1019190753
83
28 57563944
26
67 70857997
76 1314957549
90 1444680635
44
35
29
38 444957535
69
7 D
67
5 1225088424
94
96
38
100
36
34
64
100
56 1006472941
50 D
12
1
9
54 D
82
55
66 1599446921
71 D
1 D
56
19 324416515
67 D
86 D
34 1793857629
75 D
18 1994841048
8 1317998865
43 850984485
43 922051853
17 D
98
10 2114251591
20 889784376
39 603992897
15 1388112178
10 1679901491
95
71 D
56 664127323
86
37
24
9
75
38
36
55
23 1672141073
36 1127264196
76
61 118786540
79
94 867945544
43 D
38 58771525
99 1538918843
28 759115145
19
66
59
31 D
74 911712003
26 D
78
39
67 992137454
17
81
44
78
8
55
12
77 1337473356
40
35
61
87
17
40
73
73 1851985311
11
31
38 D
95
8 D
0
11
11 1038072372
70
83 1999442373
4
50 1443972748
15
26 1068236288
44
7
48
38
3
55
66 667963950
24 D
53 1829679888
64
16 613951328
1 1163304362
22 1847518511
59
87 1917636459
78
71 958712217
77 1420470709
85 1032947306
5 2105919868
23 1122030622
61
71
88 1240821130
94 D
1
28 347642857
71
54 D
20 612937151
6 1797734372
64
25
72 D
31
43
47 321602224
87
36
25
17 661206829
40 D
82 D
22
19 874827273
16 D
50 2116315440
6
29
43
15
83 566200577
52
23
91 658303116
42 D
65
73
18
55 1859546044
16 1084517938
3
60 1513440564
87
65 D
90 2131590332
85 1888463266
15 D
96 D
63 963465177
94
86
93 1300586246
63
78
74
16 D
30
31
41
32 1729818620
85
92 1088695584
57 135217656
62
45 2077770419
88
52 771497483
90
54 D
14 1807456138
66
55 723820640
59 518541883
98 126850165
17
28
69 D
81 1492177978
39 D
27
66
1 794187106
13
36 104186479
84
93 453053193
99
0
67
18
49 1872905834
98
84 D
50
38
71 137811242
39
6 770726683
31
46
3
95 619179814
89 419048544
51 2026727757
63
50 37172164
35 170479795
94 D
36 750913287
59 236677594
35
28
86
18
25 1806234888
66 521720141
50
24
7
56 428203501
29 D
96 1716042323
61 180658724
42
17
26
58
3
24
95 488819877
3
82
58
84
47
42
31 D
48
46 1276109659
25
62
44 2065711425
99 72631464
16 1193898786
15
72 2128073390
78
91
70
36 1773683570
98 1763187783
65
19 1352748176
36 1364047801
0
31 1739754656
69
44
48
21
35
93 1475156039
23 1130323185
14 D
59
22 590547818
3
29
31 1369619337
5
44 D
40 1429391422
22
52
66
16 D
37
81
89
22 1892487955
24
82 117351506
7 D
69
45
90 D
69 2067988325
39
75 D
57 814449198
87 131954562
25
60 850158319
17
4
84
84 D
69 D
33 D
26 D
65 1965658046
30
14
10 1047060526
76 1588966191
76
36 1128261327
42
25
91
60
31
43
73
13
85 1229573153
49
30 1132937297
100 D
43 1392130919
50 1825198200
59
59
30 D
15
76 1769680887
67 1214374665
49 D
79 D
57
71 1279061794
18
6 1649164314
85 D
5
36 D
85
26
76 623462340
54
19
30 1453180117
43
89
33
94
75 846878039
65
26 1915254
4 818620910
38
32
1 1383678116
5 1006527796
22
71
42 779143874
91 494731299
53 426333468
25
22 D
12 1197106014
18
19 1314263163
40
83
76
60 1044152579
52 1865755019
86
47
25
93 1469404724
38
87
55 D
50 558093697
18
24
38
29
27
53 112157066
85
4
82 145531254
87
77
56 266548442
79 1043859044
88 1643852953
5
23
57 2060206064
26
59
39
10
61 D
4
53
75
20
0 1068393577
67 1335562169
54
64 251760678
2
97 1981196325
81
89
17
83
0
32 D
78 1523605207
70 371443197
24 1948678873
72
29
13
93 373667454
91 D
73
68 D
89
47
41
57
26
68
28
71 D
94 924058993
72 504783481
81
11 1368357305
55
90
35
96
79
44 189529800
27
32 361276393
83
73 D
82
100
18 300756176
38
92
68 2051308903
10
13 604152572
76
99 998663136
94 D
67
28
55
68
23 1000735583
38 1967331041
76
61
50
62 384463590
82 1617970253
16
66 1435020192
70 1596829910
29
22
51 236143120
11
38 1646142443
62
63
92 D
62
98 1177972441
11 623430251
37
45
46 1057989722
70
97 1387128839
6 1483676939
48 692671989
67 1792335562
7 1548602903
30
10 1307620771
13 D
87 465372150
2
58
43 D
64
70
7 1900608289
55
75 D
41 1736907277
24 D
31 755868983
100
85
69
89
43
42
8
73
77
6
64 210506070
14
86 1425890622
7
40 D
38 148603251
1
3
23
87 89266857
41
81 1969734637
63
12 1564218190
14
28 1773219900
17 38350086
54 2017264112
39
8
41
68 320645198
26 D
47
33
62
67 1899896237
27
70 1576154619
85
90
90 D
82
53
87
12
31
67 56297292
41
27 1647895835
56
86 D
91 432069861
54
21 1463010094
62 D
77 2138021085
40 D
77 2063963625
15 D
10
54 1017319875
41
73 D
94 1462071289
23 1981519312
42
35
97
68
5
100 1711643663
58
82
38 419911772
88 515429766
51
88 D
61 136885946
79 645937759
42 D
25
56
85 120428436
59
39 412321689
66 1373567653
89 251211186
51 2037112510
68 1040530125
78
24
97 395462672
89
46 876119692
33
76
38
42
73
49 2093013066
55
65
31 1705387218
5
93
9
81 D
8 2010531476
74 334495370
49 1879112899
89 1201313685
31 D
36 D
53
11 1404786288
18
85
43 D
10
62
53
35 1078743878
40 556275515
84 1305932139
2 D
38 632485427
30 642804953
30
43 1856497517
91 D
93
44
55 322637513
89
72 1650154114
74 590934767
85 587360582
97
75 D
87 1676245121
57
36
94 78445192
67 596144177
10
65 433076998
66
3 1707897279
40 1465528764
14
78 D
67 1653308830
92
81 1577630822
20 788767505
77
58 941674576
0 77862649
1 456758407
14
96 546286313
91
3 1928038009
8
94 194685199
5
57
77
24 935561139
78
82
1
69 785326280
95
32
54 582351672
2 957005591
39
50
34
1
51 1027128175
18
54 722428684
67
27
59
80 D
41 1945603888
53
63
44
82 D
93 1646157509
77
23
61
40
27 966323582
41
16
12 D
5
51 D
99 2037645305
22
87 1411793703
77
67 611293209
1 819426094
46 1104650716
3
73 1076689049
34 520106546
39 863261397
23 D
64 D
11 81023096
57
65 1216061737
2
49
8
85 408657359
72
16 939533058
94
21 861626313
16 D
73 2011911458
7
62
20 228708884
78 D
24 950158484
37
81
59 D
68
96
63
83
42 D
76
68
85
14
41
82
32
59 1743291726
47 722595024
88 1844510920
5 D
82
48 351291264
38
68 D
67
22 1831193406
19
91
15
98
36
37 953039076
91 1394909676
86
84
88
72
42 1164459665
38 1177085072
95 D
31
42
74
31 D
83 500199618
41
0
92
98
8 1665587621
62 1498821139
9 D
3 1310115257
47
44 D
17
85
33
64
62
78
79 1468437807
72
65 1776285381
100
1
73 1537559680
77
73 946993702
25
70
77 1363926927
8
53
64 1878897398
0
8 1860655154
9
23 437087163
92
49
88 8852300
24 1209933263
74
95
38
26 388207089
20
79
93
36 D
54
37 D
63 1179850975
3 734365459
24 2044019523
51
57 D
20 621652147
61
37
23
87 1084091796
0
16 938654317
7 D
98
5 572627933
51 D
8
45
49
40
42
32
57 654014050
3 2109233062
9 1791405859
57
76 D
67
41
20 1798772002
48
76
74 D
94 1783617967
86
99 D
46
52 1431030778
2 1824890904
100 D
86 D
81
71
8 411032659
99
94
46 D
20
63 984369863
58 176637995
67 1822022096
15
58 994925452
100 1002627695
56
95
32
77
38
36 D
61
57
8 207251119
12
95
33
7 587937095
73
8 1984783514
15
90
56 D
98 116817613
18
58
98 522870403
93 282758516
54
16 44033080
29
23
49 1521221727
92
4
35
16 457099265
40 788799163
28 1697121467
44
78
19
74 1569052876
70
32 659014329
85 405071298
86
18
28 257288972
82
11
13 D
65
88 253751157
25 668142631
9
71
86
22
45
65 763221358
96
63 347999762
80 209036198
13 D
62 D
75 D
46
3
71
2
51
3 1414476741
95
2
19
70
21 847499737
21
34
36 D
22 582766649
30 634043132
44
43
21
73 1406264633
9
100
8
25 599152661
1 980892390
64 2051775885
22
65 D
74
99
16 D
44 D
92 1909028571
53
66
51
72 2091529279
63 D
27
51
41
19 388026995
1 223611761
78
20 D
28 D
73 1570345462
93 1285172795
40
98
25
93 2032484935
64
14 1947012309
18
45 1025041386
89 1203533496
21 60019457
83
2
76 773227612
69
49 31441421
18 360219720
74
80
37
65
96
43 D
5
30
7 265375955
27
36
57
18 245747093
48 246963845
43 56283871
81 1341141438
31 D
30 2007326790
33
96
90
90 834620117
54
86
49
52
83
100 1330831697
99
47
57 D
78 1026445590
38
13 1693080910
21 1482768625
82 D
63
85
54
9
70 939215023
11
41 2038049623
24
33
100 D
23 1847495680
29
88
6 141132590
14 86442953
89
4
95 653710148
45
3
3
88
94 1564957492
49 2132270109
90 1215269764
63 1199118386
2
46
41
90 674569579
70
76
59
47
56
87
41
20
37 D
22 D
94
98
16
42 84247503
21
26
69 186495468
68 2128517913
85 1142816907
20
76 381565106
76
90
27 598240271
82
33 2106797170
36
50 2119162951
39
42
26
6
18
2
51 689503001
79
3
69
29 D
4 605945153
93 303457163
28
41 1286993185
23 845156301
51
92
37
0
6 92916958
25 D
73
39 1342601173
45 1666212451
35 1454418811
99 1665861407
70
95 45454422
36
51 13231145
50
77
2
80
92 D
67
88 1016647327
100
75
11 931675922
29
81 D
69 2074244211
46 1180059362
83
64 1882126522
52
91 D
79
80
33 485514040
67
43
8
77 645571321
62 1213269002
39
64
26
44
39
12 D
38
11 1663553366
54 796542869
79
4
28
93
82
66
16
7 485271233
3
81 D
84
96 D
7 1501517848
54
23 D
27 459038872
77
23
54 988884093
31
100 D
56
18
58
99 1498805845
48
24
87 1146517211
32
79 424137033
76 1920023055
60 509133222
14 D
51
26 1402843880
13 D
23 1158081013
16 D
36
26
86
100 347425393
3
85 870400261
54
39
62
32
70 1622749047
22
57 174964697
48
70
91 222149926
96
63 D
43 D
71
17
54 490197633
47 1041462269
89
76
64 D
65 1037549688
30
0 1384325109
69 651316093
31
92 1917439357
49
100 1844312883
42
34 D
71
87 D
60
0
59 837879942
27 D
46
37
64
89
94
45
96 1913330638
82 D
81 1963046601
84
50
96 D
10 507109492
93 D
81
82 1107470095
78
15
62 2039204100
54
81
37
11 1362039702
0
48
65 1103202319
3
95
76
26 D
62 1704969158
7
9
9 1909229744
20 1070025619
25 D
63 1829913048
49
54 750459134
27
71 1733952320
44 D
88
77
7 1146130554
86
76
9
9 1580304024
36 1002534661
35 149681682
39
55 1433456460
54
4 1703431276
43
67 705900904
36 2092522132
38
25
5
72 D
9 2002896376
84
18 D
21
93 937354490
38
29 106961595
83
80
36
23 D
52
75 D
30 876149452
40
26 1348153800
20
83
39 2084667710
21
96
10 728954784
6 D
12
94
61
46
53
12
3
89
90
43 1672110536
94
23
71
71 718238225
78
27 1288413260
30
20 D
0 1852339382
27 710688153
77 2135213265
11
91
20
51 D
44 1855496444
74
61 421170147
25 557133087
48
5
10
38
72 1242850934
46 1603974679
94
51
8 703352676
2
73 1324824416
54
43
65
61 D
79
90
22 1587864296
4
33
40 1720936931
28
51 D
96 132470907
66 267148109
58
70
99
43 1010651282
77
45
53 11732512
30
4
75
6
16
55 1403197069
40 1892331318
21 D
60 2115482837
25
68
36 353280164
95
34
50 607342673
42 1889976489
23
52
93 D
38 986507505
28
91 928916151
13
89
79 D
30 1292076154
49 1156072017
63
40 393380498
94 2034020193
54
31
11 579784574
30 1151373288
95 949372601
27 2116483232
11
20 929726024
47
36 D
1
17
13
86 977587495
38 1333158738
47 46013845
9
88
89 266056060
65 1564228239
1 D
40
66
44
52
77
100
41
51
92
14
27 1620491458
88 259437001
18
18
55 D
50 D
85
13 1669134627
38
22 D
19 427766852
95 D
45
83
42 999475452
75
64 558134396
34
52
30
57 D
65 1871557982
55
67 2123918498
83
73 1583712045
50
96 355491104
14 519792753
93
58
46
2 408083326
62 1431550412
20 1071923220
88 991916179
20 D
36 389759001
98 D
20 1621459895
13
14 838206864
68
42
99 D
17 1680371667
19
14
4 1252648652
28 D
8
55
56 1725967798
68 D
77
97 D
55 625294925
89
66
60 D
85
22 209130000
23 245334011
5
29
76
43
34 D
66 595650038
52 1180146816
72
34 1838544796
86
44 D
87 939177747
6
64 61100984
93
79 D
11 D
45
7
56 D
83 527137617
3 D
98
80
11 D
76
19 D
31 1031728495
38 486241076
12 631609654
45
89 1693431589
34 1972062610
20 D
28
66
76
24 D
42
29 1916006702
56 975233035
4 920668018
25
35
33
60 2011250197
30 1616119391
44
69 754989465
2
50 D
69 372101010
97 1337244362
64
77
81
87
28 D
61
31 1245328838
99
98
19 D
91 1566815708
4 1215489494
54
78
90
81
14
33 D
84 745389258
50 66051612
91
79 D
68 D
69 246276576
21
70
24
32 1074963393
35 1050256897
6
78 2078823469
2
18
43
84 1378557638
95 829350179
55 1577241817
69 1172290688
64 288248448
92 D
71
52 2097639877
25 795957361
33 781879658
77 D
87
92
75 1695620144
55 1715794424
34 73977021
71
71 439311328
43 1497765065
30 2081266424
16 246128541
83
13 D
56 743000881
71 59583685
87 70454378
15
45 730692747
45
19 696822834
58
86
72
63
7 437121742
39 539865459
53
66
75 D
94
29
80
62
29
64 1422510597
38
30
67 D
22
69 320408676
71
80 567109272
4
85 1497196960
71
2
77 1980881221
4
36 505589178
61
100 1729066718
64
12 690887207
90
5
8 13518495
98 1100331832
83 D
28
25
74 D
1 868218031
96 268981242
46
71
86 590870682
13
84 563825765
22 903945122
74 1034191649
14
15
14
44
69 D
38
49 1594300871
31
56
85
57
60
51
77
78
34 810549486
9 68911363
95
10
5
13
25 1987985156
52
90
45 1407026375
49 973424273
51
19 1369670147
25
72
3
75
23 705175321
20
75 D
75
24
92 1215414997
34 1806894137
0 17024593
50
70
30 1843131182
15
16
45
15 2102786203
85 1802939541
38 794410084
99
94
61 D
43
25
60
30
49 1953150302
66 1327338064
62 1324835757
53
57 D
54 1943065805
14 D
48
81
4
3
99 277262123
29 523903214
42 D
38 1093510944
54
37
9
15
81
32 D
36
63
66
58
71
34
26 555401200
99 955955253
4
4 1073529266
3
94 1541536036
84
47 2134324548
69 1164536011
86
40
16
80
48
29
7 1629780771
2 D
41 1064034104
77
7
36
30
2 836137210
91
35 104350164
94
75 D
8 1337357266
44 D
30
32 540683013
92 D
17
30 D
88
55 526459626
10
17 D
51 418532468
78
91 1702104580
57 1095277767
36 1835367188
57 1470102349
8
66
89 1165922472
58
39
44
47
52
70
63
74
2
12
86
91
56
99
77
92
4
86 1381740891
56 487814630
51
44 D
68
19
89
18
82
28 1787520008
70
32 1114024009
55
6 946720748
52
75 563699731
41
3 D
53 1961611898
43
74
61
44 D
87 789435421
54
99
61
31
80 386081945
20 184160184
41 958561850
17 958621765
48 622303991
43 D
47
41
19
88
16
15
10
78 1242145237
58 D
53
3
3 D
71 1817962782
67
40
71
92
54
81 1188298672
12
27 606245943
89 D
17 D
96 732657549
13 1312199297
20
23
12 687561988
38
54 1296048401
34
49
3
13 880244612
99
25
44 1247336320
7 576177771
73 1159565657
97 2106065467
90
63 1856275512
66 D
98
52
54 1340949108
55
22
96 614562749
82 D
8 D
14 1782897744
27
89
51
11 1625539295
30 17920672
100 1301976753
35 666333222
4
6
49
89
13 1380974626
63 82006019
46 898431835
19 574605652
4 1714770823
73
87
38 1181580597
69 1416938557
30 143875285
77
60
41 1378113348
60 D
51 1681578630
89
58 219059676
69
0
28
58 2064339289
65
95
87
29 D
79
93 379919851
92
31 D
6
35
23 D
95
69
76 D
13
82
8
2
28
37
83 2132750524
76 168601313
3
34 D
72
25 D
100 2059914526
87
11 D
58 366094536
70
69 1279965360
70 1194314137
39
2 482187929
1
85 D
21
55
2 D
75
98
60 1902021614
28
83 D
97
52
50
50
97 1664050759
63 481657534
52 1176063193
97
48
35
9
75
61 D
50 D
6
58
87
2 1773756744
13
48 D
24
25
79
100 D
96 2091355759
71 D
97
27 1317468591
78 D
32 2072858884
88
72
38
40
3
41
94
95
62 D
18 D
28 2004924147
25
40
100
92 D
24 798509839
31
69
60
11 642550577
53 35998243
46
83
27 2011488924
100
25 785478757
71 D
85
71 D
37
29 1090307374
85 D
22
77 709145665
95 D
70
69
10 D
98 D
93
79
66
39
2
61 1127606464
41
50
51
99 D
32 1149161606
31 327580484
7
11 1949063405
89 962159699
81
67
9
64
88
62
5 27779346
25 993542031
44 D
29
79 D
12
81
38
98
80
10
33
44
96
94 802858697
93
11
69 D
79 1553319084
30 275627718
10
75
6
0 471160011
58
38 D
18
39
44 D
26 D
21 148765273
25
65 1844675006
19
45 1292440408
94
99
97
84 1510856989
48 1371313223
2
94
59 D
10
48
2 445193179
96
46 1212755903
99 1153392993
61 297873717
29 337149597
10 1619269004
90
57
28 32580371
36
24
4 684518478
65 D
87 1586940242
50 D
6
77 D
18
87
16 1806345105
33 1816949730
97
7
6 585799682
21
79
6
81
87 113635795
92
77 1440468826
78 1717553593
37
66 781001591
14 243404418
9
61
53 611769196
23 D
84
80 984454935
6
52
98 1231306882
82 D
25 1815384220
77
54
48
90 861654835
65
15
38 758316882
94 931947456
73
49
34
14 2101607556
63 352364493
63
90 256253353
17
21
7
7 D
76 947485633
4
54 1906251681
12
16
100 754118730
81 676762238
75 438362731
30 1377978776
74 1553224402
43 1850994816
39
50
3
52 1014923912
81 1182941954
66
66
62
23
74
95
36
8 742885300
25
98 D
70 D
71
27
64
30
4 161561804
94
75 1625154717
95
78
16
49 D
65 905687484
96
54
77
59 D
37 D
80 987885914
30
42 D
0 312359406
25 1231223894
48
27
66
69 D
85 D
72
47
73
73
43 1650015846
88 614151600
92
44
15
93
68
81
95
38 1923066087
94
85
88 D
42
77
52 1728757521
27
14 638874975
51
89
91 1267299307
21 1583622637
8 1922540520
60
57 D
89
23
85
59
1
60 474522701
94
78
8
51
61
13
60
88
63 1329737212
95
47 311281235
30 294194136
58 1807910902
33
90
74
25 909061652
3 D
61 1985749088
29
21
31 D
4 1041946901
10 D
89 204795507
81
30
43 1364076709
45
20 1902686035
95 592304122
82 235512824
25 1436159662
88
46 192989680
2 266856833
10 330457642
16 D
1
80
35
40
1 906194064
10 1037425956
49
70
54 D
21
24
90 D
11
12
11
46 D
10
96
23
37 1618882539
20 1519957731
41 126468267
0 D
45 D
32 1571205368
43 61068367
4 630185532
65 561218989
97
67
8
56
5 D
72 D
11
42 509506027
12
24
17 D
71
71
88
40 71254848
61 675740465
48
1
61
71 D
23
19 2093842680
63 260872973
62
71 D
50
95
10 D
9
95 D
99
57 921985365
64 1164895337
34 1301598432
79 704535260
94
38 828988845
96
44
77
15 D
86
1
37
57
50
75
16
30
72
29
12
61
17 1850176595
90 D
30 D
76 D
14
19
5
81
34 1158282848
41
100
8
61
97 24820685
20 1509458212
27
14 461348801
62
24
66
8 109156525
41 663718543
68 1782738340
46 435679488
37
47 305725281
79
8 1299396366
55 D
28
23
0
98
70
46
73
51
43
25
41
89 2109547114
7 1465855650
62
71
48 937270934
89 887259457
64
96
26 D
66 1465457971
56
67
93 648164687
55 D
20
29
76 D
100
31 672748571
28 D
54
22 525576848
94
73 2010729952
76
31
1 D
16 398096214
35
21
85 996670699
65 1392768983
91
11
75
62 994106844
90
85
25
94 2132904538
37
73
54
8 576216802
57 1557054829
71
99 D
74
82
27
97 D
6
27 1941006312
46 D
15 D
97 2034852779
54
47
23 D
3 D
2 1944934681
6
75 D
17
39 D
39
9
84
24 1100771441
86 D
64
7 D
63 D
36
81
87 D
60 918518562
32
87 1101052894
60
37 1022496709
52 D
39 1138593595
45
23
22
92
30 1579831402
84 2077657456
44 D
85 D
57
58
18
52
79 1047492410
90
72
85
29 D
81 1081715589
25
33
50
14 D
87
58
3
50
0 21867736
8
84 1118655857
78
25 1386378469
80 D
18
26 777958477
10
86 419178640
30 1812191295
79 513614629
19 1321286772
70
66 281642905
64
70 D
36 370731790
55
94
20
68 1272724308
52
31 D
76
90
54 D
24 1157275350
0 107719933
39
53
91 1334726092
57 1002637986
67 1902347743
34 1190706266
19 D
31
90 1696041122
86 1817919558
62
27
12
84
34
89
94
87 D
2 D
10
50
49
79
87 D
2 D
78
28
83
62 D
37 1820482183
49
87
7
48 486377069
35
65 D
99 1589565516
24 974247543
18
19 D
21 2017928683
74 185032630
78
98
7 816559623
32 D
97 D
100
59
30 1789578388
55 23307405
71
79 D
94 753444755
72 1269814402
65
86 567544574
75 1406760117
0
6
23 281378776
28
21 332473236
21 1910428878
72
8 365704349
71 552336664
61
38 D
92
0
92 1098906586
46
62 1158596674
69
11
58
84 2088064082
83
72
12
69
2
91 390379628
66
86
38
69 1705163955
70 D
48
69
50
47 1978670400
76 1915704186
51
52 128897112
98
87 801627931
59 D
31
12
70
72
18
46 59345579
38
3 1038972339
79 906862953
35 1915562966
5
84 1117508331
75
60
10
23 D
77 98520521
26
29 2116899516
5
62
40 1767075181
22
86
74
44
83 1985911923
39 1930352458
61
70 153463927
69 D
53
10
12
11
94
21
99
87 D
27 1474941376
65
55 403190903
17 1719425423
47
77 1972581244
32 1177159915
96
55 1036107322
79
61 296741575
93 1112942896
20
91 1253301495
56 2139235122
30
85 311865448
70
3 1008852365
37
20
39
99 D
29
34 D
26 507811069
99
63 D
71
36 1071845625
73 D
6
62
46 D
35
22 774131045
20
27
46
54 D
39
86 236837606
53
43
59
19 D
56 D
28
2
70
52
91
64
79
32 D
49
32 645639882
62 1218799340
98
39
29 589722596
28
37 119746245
75
59
63 609606977
5 1333565627
66
33 1046797734
66 972727590
60 265236765
39 D
13
78 590316435
93 1607760863
46
72 D
3
19
99 D
13
94
91 D
22
3 1668043000
80
23
56
4 1797246114
68 2007496737
48 1667774352
7
81
86 876984232
54
43
22
81
76
17
12
60
95
43
79
59 703597238
23
49 1786519509
90
82 1031136575
89
22
56 963151347
76
50 16480380
33
93
14
31 788212774
76
13 451164408
45
35
11 1436217204
96
19 1908002796
82 1926655460
41 1195236738
2
12 417597382
55
16
6 997591736
82
65 D
78 D
96
15 D
54 136071309
14 90642884
85
42
3
54 D
74
33
21 1300249172
24
52 315348341
9 528489768
45 1929827031
100
22
8
82 136594224
40 D
67
82
18
91 582473013
38 898002884
16
23
62
91 1239321125
16 D
100 1896326152
62
48 D
100 D
63
21
2 D
97 1059190276
48
32
11 1111432910
66
1
41
48
37
90
32
64
33
28 D
83 1696693706
17
80
14
91
88
56 D
7
42
87 756255765
68
88
23
26 783484573
34 D
55 D
100 1727749016
15
18 1139063026
48
74
90 1801255945
33 D
45
38
79
73
35
96
18 D
31
81
4
24
73
62
30
87 D
50
49
65
10
20 D
86
4 918392495
20 597932064
58
58 805916429
84
68 1044279000
72
14
21
38 1439746253
23 344718760
72
33
95
27
30 1885666388
90
18
5
82 103574179
53
10
5
95
37
34
79
88 670840268
28
4
97
88
68 1572302477
28 1919713020
68
88
29 421978083
47 468267009
66
58
87
62
73
26 1765748621
89 2084822826
10
47
10
46 1170158663
91 D
88
75
40
87 296400778
1
7
31
38
73
24 205565692
31 1641357524
48
26
20 D
33 1173500096
15
20
3 1565043349
10
68 120530501
46 322593264
52
32 1281455891
73
34
30
20
49
96
82 1529367955
51
47 D
71
16
72
39
86 1866463176
29
2 1625692855
4 D
63
61
66
32
99
49
61
87
34 D
86
96
28
56
71
84 D
84
44
5
49 1225757129
57 1956993789
86
26
99
95 1654021593
61
56
12 822893886
66 D
77
27 1041040478
41 843291929
79 1332375844
35 1007791256
86
97
44
74
43 573230675
8
41
23
51
78 1077754204
41 1034092436
47 581445870
71 1004638050
7
22 D
77 D
23 D
37 1992951934
91
4
58 338885959
4 D
89 D
78 1396447773
14
67
22
26 74608604
0
78
98 161421259
41
1
52 D
75
57 514513587
84
47 1655007870
75 D
78
0
40
76
41
2 1898657066
99 178385925
36
72 1201405713
27
78
43 D
44
56 D
99
79
48
9 D
57
81 1428030004
4 97225148
21
35 1175256176
81
93
46 468213451
63 215056295
79
70
61
78 258630664
96 750328677
5
87
8
19 1294120961
40
71
34 1914567199
6
86
22
4
64
32
85 742191859
80 1647495920
85
85
78
76 D
41 1816638675
15 D
21
22
22 1944976810
17
24 386838388
23
21 376712976
98
61 1580296145
80
89
99 540946664
43 812872068
19
95 2066560821
40
32
17
30
90
83
77
12 D
78
71
39
45 684564203
8 470991410
82
15
56 1072235421
83 1179953699
98 1855281615
28
81
35 2078156781
3 2031636126
57
77 1988889448
48
81
47
38
27
96
74
8 1467514720
84
78 252690895
82 D
61 1339466758
11 D
92 799443759
10
37
61
72
27
50 502196126
82 725371943
91 1797312017
75 678857435
15
93
30
32 359870472
53 1775994477
18 518741831
49 D
66
20 185894411
35 98402033
89
67
47
4 D
25 1848977525
8
31 787528972
51
12 D
37
87
48
86
12
88 108107571
79
90
58 1969185946
19 1246084238
96 1384143091
92 816303411
5
72
12
11
72
11
63
90 1834681813
62 D
72 922525020
94 1146668103
25 669915866
10 655974240
0 1276615528
74
52
49 1174644833
74
38 1602273415
9
24
48 D
5 D
65 1237392743
25 1769422625
13
33
47
99
85 2107593297
94
6
67
64
55 1518619369
59 250619040
30 149453052
31
17
29
28
0
6
5 181581601
38 1381011910
96
18 D
10 748467606
81 D
73
71 1828342612
75
88 D
53
27 D
83 D
15
19
99
46 2034043727
29
12
79 D
6 D
19
14
29
95 D
80
76
3
64
2 790902522
81 2081026251
80
13
66 1868245775
77
97
65 656071337
8
51
56
62
12 213103070
89 1404495070
20 1130072023
4
3
8
89
73
24 D
45
75
6
58 1899521777
29
76 748641938
95 789388835
23 D
43
30 1978262171
74 D
73
20
73
44
84 18968746
77
68
36 1605665164
49
76
51 D
61
46
83 D
79
98
95
16
52
45 1998540479
56
43 D
38
81
9 294485705
12
30 D
91
8
73 1743961652
85
74 D
0 759284303
35
80
98 2126644413
62 D
31
64
17
10 617185292
45
38
48 1436366947
82
7 1153773042
50
94 1276230505
80
35
68
63
23 D
44
16 874266664
34
93 178149792
0 99075062
33 D
93
94
93 1993071493
24 1218630131
29
71 620450750
52
87
86 361888475
25
42
29
93
53
2 D
15 70303011
56 857171112
66 608603190
50 472380064
75 200105646
5
33
74 D
75 D
73
17
23 1274381992
62
14 1006047233
90
39
81 1047700654
44
65 1502832699
35
13 1481326858
58 1967999981
26
60 835299070
4 1237818708
54
18 D
18 68221993
3
32
22
54 722927832
81
66 173115364
48
81 1241468073
60 1644892426
59
1
19
30 D
61
82 1149302024
77
89
23 349215123
42 D
75
73
42
56
85
39 138257485
49 966439063
65
73 516759516
23
85
8 D
1 2018322568
2
70
90
16
2 D
75
51
16
79 2137128961
46
24
60 1165900408
10 D
16 340235148
71 1272306931
4
18 860877850
44
94
72
83 478267612
71
92 D
84 D
58
40
24
30 79587540
33 338274105
36
12
34 748418574
22
51
95
26 69194495
19 D
53
89 742888759
89 2138690745
88
28
95
38 2021847210
41
1
99
77
100 412877891
89
66
58 1136859758
53 1381072125
41 D
23
33
17 D
71 D
67
18
71 188036450
28
14
94
1
48
67 D
84
15
32
13 782910594
93 1153557881
37
87
69
93 792745395
80
68
19
63 389217116
33 1733910430
53 425114925
14 D
25 1037496051
65 1522879011
79 372826217
21 761471443
13 D
59
29
72 D
20
55
44
34
21 1221287899
19
72 D
71 D
12
22
28
17 499374970
96
82
53
52
43
20 1173034621
82 1872227713
97 1609036803
53 D
87
93 1922276430
94
35 D
80 1551046203
78
51
17 284154252
72 D
89
0 119651067
67 D
98 2040507968
19 D
73 D
0
12 D
56 989534035
10
62 D
29 D
95 D
100 D
78 D
25 D
57
75 62797954
10
64
92
7 D
97 D
44
78 741738082
67
51 198903648
40
1
27
9 185524531
6
47
59 622059073
86 D
30 42112515
58
45 D
80 D
48 1173116815
10 1657602707
96
8 333314684
16 909243912
9 810933428
81 1144679029
65
7
99
59
85
4
60
20 156228248
52 D
58 199185782
22
93
88 D
36
3
60
37 1785039466
50 D
32 D
92
54 D
26
55 1428354024
51
36 48275028
29
47
50 D
92
34 1845922350
48
57
60
21
64 1386401150
66 D
15
5 D
1 D
2 D
83 D
2
57
73 1785420762
96 328145201
54
30
5 D
60 125703061
89 351900442
43 2078585997
53
76 2142185288
85 2056722816
69 524912488
86
32 2024441986
71 895615962
60 1467449130
11
86
10
48 1705963291
48
80 801162347
80 368192422
68
33
95 602021665
21
58 D
97
19 1166861076
99 D
45 D
2 1811107866
93 D
34
82 2065486689
17 638895498
60
12
89 D
59
82 D
11
25 231853901
22 723195185
53
73 D
38
39 D
62 1333105200
69
17 D
97 547147550
54
47 D
93
77 D
97 468842698
32
16 545562671
17
66 1377068491
94
2
96 1259249389
67
13
55
21
59 D
19
70
91 1220510222
13 D
76 D
10
3
56
21 1005734769
67 1258076154
27
63
93 175614966
79 146102799
17
7
70
0 D
18
93 1066478247
32
45 D
37
2 1479806927
20
36
38
8 265671604
58 D
61
66 279212897
5 903791823
69
92
19
33 780919883
71 1902222618
54 864355491
3
50 466833708
30
41
41 1266128206
27
41
65
66
91
82 171360897
76
4 1720589223
23
38 987390035
83 216071086
32
33 786983329
93 1573913576
86 1371847202
55 284346199
60 442122924
30 1808520269
58 1058072194
59 74881227
19
75
68
26 1668395002
23
93 677446675
96 D
94
50
65 26379522
76
18
69
30
52 42870578
95
62 507519070
12
90
42
62 853108481
74
58 1796233475
98
92
53 D
35 D
61 1004323592
20
0
97
42 1057067190
5 236178633
5 D
26
59 118859235
62
36
70
1
29
7 967746902
23
62 D
98
87
40
98 770207776
31
71
39 854510819
36 D
16
86
20
93
21 1342318436
5
74 549371914
27
66 1922857720
22
51 1798884102
99
65
24
40 318578714
92
90 1831273006
61
91
52 425342283
2 1545564693
86
39 2021399258
15 D
33 2085539995
81
50
91
67
55
15
12 671748753
72 1923290453
27
48 634689364
25
72 2071694676
21
30 602158969
82 476106220
79 D
42 D
28 1952575225
60
74
40 D
27
100 D
82 458150804
28 1268579643
17 D
20
36
93
25
92 D
83 1422504489
16 4690336
34
67
14
29
14 439368556
18 535324344
65 1700199835
60 210501770
33
28
14 D
55
39 D
6 1332847187
32
100
75 D
42 D
48
30
35 D
74
28 1198588487
66
16 D
8 D
8
49
64 973488336
53
95
47 384439077
0 D
12
71
49 536003856
55
93 520220364
7
73 D
99
59 1924971817
17
0 1813818077
35
27
21 D
3 D
86
16 26313827
59
26 D
6 D
9 650092
42
24
80
45
1
96
3 1451471140
38 275647402
13 1227717843
72
97 D
21
73
6 4353019
36 1705604191
41 2104021559
83 D
80 D
48
14
47 D
45 1151971513
24
5 1219468196
89
84
99
30
82
10 D
79 1408176870
2
10
9
26
47 1861742686
26 777304331
81
62
69
27 801591046
44
82
20
39 1694865770
100 601681539
99
47 380044768
97
10
63
21 2090117446
32 262610241
51
44 612841207
21 D
31 D
86
46 D
79
31 1097782623
92 D
0
29 1849462083
1
50
99
65 68489140
69 D
28
76
61
75 202690124
98 1096886312
33 767055623
43 1530140439
36 D
40 1896410440
42 D
0 1030336516
83
23
83 1476005779
60
6
92 825340266
32
45
68
80 1427245005
78
10
62
34 D
48
10
47
43
41 2144591604
93
99
31
56 846369393
24
56
22
14
35
67
96
57 1462163781
89
50
29
19 D
49
45 940620932
48 1302500456
29 848318499
47 385323498
3
28
75
30
0 D
59 1730606949
43 938959935
23 521081146
100
100 D
89
33
79
74
12 408984376
0 478110856
16 1085208645
58
47 2114048117
76 1093428834
77
18
80
97 330070596
74 1810171545
54 1697397617
81
33 1293226604
70
27 530789838
95 1218497069
80 1729634153
59
52
85 1048620843
31 1727554042
85
97 1188755465
22 808193794
83
21 926829991
55
30 1315803824
45 D
66
4
9
11 1838853846
15 1497756396
90 1490925343
92
13
72 84404424
62
14 2013646517
58 546009967
1
97
56
61
68 954851815
7 409935747
94
0 1458780892
1
55 1257605816
89 199208376
21 1026348947
48 452520830
88
70 D
99
21
88
27
77 1604338800
18
25
80
8
26
78
78
4 879198402
50
84
20 1500560127
27 D
47
29 140044940
26 1199307019
72
29
21 D
53 1362845282
51
84 D
66 764064826
12 1506108030
34
13 D
98 652616332
5 D
72 523893897
97 D
75 197071100
45 D
62
6
27
75
9 D
83
71 1699434814
15 2119855161
67
92 1262548506
24
38
11
49
79
17
68
0
33
31 D
72 D
97 931513535
73
16 1259332946
3 55979876
23
53 456863418
56 1029319733
36 D
60
21 1990350638
60
37
5 1936440811
73
32
0
70
65
88
52
48
92 747869267
44
74 1628971101
62 577703955
68 D
98 274953084
86
99
19 760185416
31 1683895879
77
22
39
19
46 283524491
55
88 2109606030
83 1904440451
17
43
6 D
89
28
7
31
15
9 399246814
67 1172737209
40 1261670739
35 D
5 D
14 1440384181
19
34 102210501
10 1037562132
44
79 D
48
51
96 1577117170
26
19
47
50 536828562
59
87 D
74 D
56
72
14
61 D
36
58
72
70
65 D
98 2033541818
100
49
89
62 244585793
8
40
64
60
14
88
90 D
35
68
75
54 961096428
37
46
35 2080187371
96 D
19
88
98 1147932904
100
66
94 1180801023
68
76 1070228727
44 557372969
96 D
35
53
25
82 1633169563
89
82
39
26
92
35
38
18 D
57
56 D
2 D
22 1684821353
28
2
3 1961834252
37 1476542759
48
13
99 1414213688
44 1795081269
54
49 596236660
40
45 843487963
9 90142550
39
48 D
27 433283973
0 D
37 121630426
43
8
49 D
17 1705384206
10
7 D
84 D
14
6
47
12 65666936
65
52 1022320792
44 1103979712
61 D
69 D
78
76 423938772
80 D
72 1982363772
81 1819774024
61 1570749251
22 134717373
80 138072552
52
58 D
94 D
75
60 964667155
0
67
87 2010470013
42 D
78 D
0 1673814268
53
25
69 2102818778
21
50
2
70
68 1935849203
92
6
28 2137475412
76
41
64
