42 1415113001
73
74 D
75
35 1066855609
25
70 1553648915
11
23
30
64 1166663427
25
38 905883867
16 D
5
52 D
87 1450838735
34 92598645
35
31 954518226
85
19 D
80
76 2038895557
70
68
15
44
11
70
39
3
77 D
47 506814526
30
3 1087536132
39
36
68
76
41 1243084397
17 2086217039
43 1660254233
10 150974934
59 D
96 D
1
69 1927278063
92
53
12
3 867137610
7 D
29
23 306308431
1
17
47 440564489
24 D
96
3
17
40
78
66 D
12
75
77 349938673
60
40 D
88 7400699
22 1198343493
81 D
10 2114021819
98
99
44
50
89
7
63
62 1008889855
5
39
93 1146240382
53
25 958558672
79
96 584419255
26 1877537157
26
17
48
14
65
38
21 847433183
18
96 2142882876
42
